<?xml version="1.0" encoding="UTF-8"?>
<robot generator="Robot 7.0 (Python 3.12.1 on win32)" generated="2024-01-30T15:50:30.937414" rpa="false" schemaversion="5">
<suite id="s1" name="Crm" source="C:\development\robotScripts\crm\pythonProject1\tests\crm.robot">
<test id="s1-t1" name="The user should be able to add a new customer" line="11">
<kw name="Set Selenium Speed" owner="SeleniumLibrary">
<arg>.2s</arg>
<doc>Sets the delay that is waited after each Selenium command.</doc>
<status status="PASS" start="2024-01-30T15:50:31.090526" elapsed="0.000000"/>
</kw>
<kw name="Set Selenium Timeout" owner="SeleniumLibrary">
<arg>10s</arg>
<doc>Sets the timeout that is used by various keywords.</doc>
<status status="PASS" start="2024-01-30T15:50:31.090526" elapsed="0.000000"/>
</kw>
<kw name="Log" owner="BuiltIn">
<msg time="2024-01-30T15:50:31.091527" level="INFO">Starting the test case!</msg>
<arg>Starting the test case!</arg>
<doc>Logs the given message with the given level.</doc>
<status status="PASS" start="2024-01-30T15:50:31.091527" elapsed="0.000000"/>
</kw>
<kw name="Open Browser" owner="SeleniumLibrary">
<msg time="2024-01-30T15:50:31.091527" level="INFO">Opening browser 'Chrome' to base url 'https://automationplayground.com/crm'.</msg>
<arg>https://automationplayground.com/crm</arg>
<arg>Chrome</arg>
<doc>Opens a new browser instance to the optional ``url``.</doc>
<status status="PASS" start="2024-01-30T15:50:31.091527" elapsed="2.899646"/>
</kw>
<kw name="Set Window Position" owner="SeleniumLibrary">
<arg>x=341</arg>
<arg>y=0</arg>
<doc>Sets window position using ``x`` and ``y`` coordinates.</doc>
<status status="PASS" start="2024-01-30T15:50:33.991173" elapsed="0.312471"/>
</kw>
<kw name="Set Window Size" owner="SeleniumLibrary">
<arg>width=1935</arg>
<arg>height=1098</arg>
<doc>Sets current windows size to given ``width`` and ``height``.</doc>
<status status="PASS" start="2024-01-30T15:50:34.303644" elapsed="0.321839"/>
</kw>
<kw name="Sleep" owner="BuiltIn">
<msg time="2024-01-30T15:50:37.625615" level="INFO">Slept 3 seconds.</msg>
<arg>3s</arg>
<doc>Pauses the test executed for the given time.</doc>
<status status="PASS" start="2024-01-30T15:50:34.625483" elapsed="3.000132"/>
</kw>
<kw name="Close Browser" owner="SeleniumLibrary">
<doc>Closes the current browser.</doc>
<status status="PASS" start="2024-01-30T15:50:37.625615" elapsed="2.289502"/>
</kw>
<doc>This is some basic information about the TEST</doc>
<tag>007</tag>
<tag>Contacts</tag>
<tag>Smoke</tag>
<status status="PASS" start="2024-01-30T15:50:31.089471" elapsed="8.826849"/>
</test>
<doc>This is some basic information about the whole suite</doc>
<status status="PASS" start="2024-01-30T15:50:30.939420" elapsed="8.977895"/>
</suite>
<statistics>
<total>
<stat pass="1" fail="0" skip="0">All Tests</stat>
</total>
<tag>
<stat pass="1" fail="0" skip="0">007</stat>
<stat pass="1" fail="0" skip="0">Contacts</stat>
<stat pass="1" fail="0" skip="0">Smoke</stat>
</tag>
<suite>
<stat pass="1" fail="0" skip="0" id="s1" name="Crm">Crm</stat>
</suite>
</statistics>
<errors>
</errors>
</robot>
